[LOG] System::create                           : Header version = 2.02.19. Current version = 2.02.19.
[LOG] Manager::init                            : maxchannels = 256 studioflags = 00000006 flags 00000000 extradriverdata 0000000000000000.
[LOG] SystemI::init                            : Initialize version=20219 (137979), maxchannels=256, flags=0x00020000
[LOG] SystemI::setOutputInternal               : Setting output to 'FMOD WASAPI Output'
[LOG] OutputWASAPI::init                       : Mix Format (WAVEFORMATEX): wFormatTag=0xFFFE, nChannels=2, nSamplesPerSec=48000, nAvgBytesPerSec=384000, nBlockAlign=8, wBitsPerSample=32, cbSize=22.
[LOG] OutputWASAPI::init                       : Mix Format (WAVEFORMATEXTENSIBLE): wValidBitsPerSample=32, dwChannelMask=0x00000003, SubFormat=00000003-0000-0010-8000-00AA00389B71.
[LOG] OutputWASAPI::init                       : Output buffer size: 4096 samples, latency: 0.00ms, period: 10.00ms, DSP buffer: 1024 * 4
[LOG] Thread::initThread                       : Init FMOD stream thread. Affinity: 0x4000000000000003, Priority: 0xFFFF7FFB, Stack Size: 98304, Semaphore: No, Sleep Time: 10, Looping: Yes.
[LOG] Thread::initThread                       : Init FMOD mixer thread. Affinity: 0x4000000000000001, Priority: 0xFFFF7FFA, Stack Size: 81920, Semaphore: No, Sleep Time: 0, Looping: Yes.
[LOG] AsyncManager::init                       : manager 0000021C416C4288 isAsync 0 updatePeriod 0.02
[LOG] AsyncManager::init                       : done
[LOG] PlaybackSystem::init                     : 
[LOG] Thread::initThread                       : Init FMOD Studio sample load thread. Affinity: 0x4000000000000003, Priority: 0xFFFF7FFD, Stack Size: 98304, Semaphore: No, Sleep Time: 1, Looping: No.
[LOG] PlaybackSystem::init                     : done
[LOG] Thread::initThread                       : Init FMOD Studio bank load thread. Affinity: 0x4000000000000003, Priority: 0xFFFF7FFD, Stack Size: 98304, Semaphore: No, Sleep Time: 1, Looping: No.
[LOG] Manager::init                            : done.
[LOG] Manager::readBank                        : fileversion = 142, compatVersion = 140 (oldest = 44, newest = 142)
[LOG] Manager::readBank                        : fileversion = 142, compatVersion = 140 (oldest = 44, newest = 142)
[LOG] PlaybackSystem::acquireMasterBus         : Setting master channel group format to 3
[LOG] SystemI::createSoundInternal             : Create name='', mode=0x02000202
[LOG] SystemI::createSoundInternal             : exinfo->cbsize             = 224
[LOG] SystemI::createSoundInternal             : exinfo->length             = 4009600
[LOG] SystemI::createSoundInternal             : exinfo->fileoffset         = 65376
[LOG] SystemI::createSoundInternal             : exinfo->numsubsounds       = 1
[LOG] SystemI::createSoundInternal             : exinfo->inclusionlist      = 000000F21B62F478
[LOG] SystemI::createSoundInternal             : exinfo->inclusionlistnum   = 1
[LOG] SystemI::createSoundInternal             : exinfo->suggestedsoundtype = 5
[LOG] SystemI::createSoundInternal             : exinfo->useropen           = 00007FF8CA743F70
[LOG] SystemI::createSoundInternal             : exinfo->userclose          = 00007FF8CA743F30
[LOG] SystemI::createSoundInternal             : exinfo->userread           = 00007FF8CA744050
[LOG] SystemI::createSoundInternal             : exinfo->userseek           = 00007FF8CA744110
[LOG] SystemI::createSoundInternal             : exinfo->fileuserdata       = 0000021C38E35A48
[LOG] SystemI::createSoundInternal             : exinfo->initialseekpostype = 1
[LOG] SystemI::DSPCodecPoolRegister            : register codec pool for pool type 5
[LOG] SystemI::createSoundInternal             : Sample 0/1: name='sfx_pin_02', format=5, channels=2, frequency=48000, lengthbytes=1568, lengthpcm=21199, pcmblocksize=0, loopstart=0, loopend=0, mode=0x00000000, channelmask=0x00000000, channelorder=0, peakvolume=0.501186.
[LOG] SystemI::createSoundInternal             : Create name='', mode=0x02000202
[LOG] SystemI::createSoundInternal             : exinfo->cbsize             = 224
[LOG] SystemI::createSoundInternal             : exinfo->length             = 4009600
[LOG] SystemI::createSoundInternal             : exinfo->fileoffset         = 65376
[LOG] SystemI::createSoundInternal             : exinfo->numsubsounds       = 1
[LOG] SystemI::createSoundInternal             : exinfo->inclusionlist      = 000000F21B62F478
[LOG] SystemI::createSoundInternal             : exinfo->inclusionlistnum   = 1
[LOG] SystemI::createSoundInternal             : exinfo->suggestedsoundtype = 5
[LOG] SystemI::createSoundInternal             : exinfo->useropen           = 00007FF8CA743F70
[LOG] SystemI::createSoundInternal             : exinfo->userclose          = 00007FF8CA743F30
[LOG] SystemI::createSoundInternal             : exinfo->userread           = 00007FF8CA744050
[LOG] SystemI::createSoundInternal             : exinfo->userseek           = 00007FF8CA744110
[LOG] SystemI::createSoundInternal             : exinfo->fileuserdata       = 0000021C38E35A48
[LOG] SystemI::createSoundInternal             : exinfo->initialseekpostype = 1
[LOG] SystemI::DSPCodecPoolRegister            : register codec pool for pool type 5
[LOG] SystemI::createSoundInternal             : Sample 0/1: name='sfx_pin_04', format=5, channels=2, frequency=48000, lengthbytes=1600, lengthpcm=21199, pcmblocksize=0, loopstart=0, loopend=0, mode=0x00000000, channelmask=0x00000000, channelorder=0, peakvolume=0.501186.
[LOG] SystemI::createSoundInternal             : Create name='', mode=0x02000202
[LOG] SystemI::createSoundInternal             : exinfo->cbsize             = 224
[LOG] SystemI::createSoundInternal             : exinfo->length             = 4009600
[LOG] SystemI::createSoundInternal             : exinfo->fileoffset         = 65376
[LOG] SystemI::createSoundInternal             : exinfo->numsubsounds       = 1
[LOG] SystemI::createSoundInternal             : exinfo->inclusionlist      = 000000F21B62F478
[LOG] SystemI::createSoundInternal             : exinfo->inclusionlistnum   = 1
[LOG] SystemI::createSoundInternal             : exinfo->suggestedsoundtype = 5
[LOG] SystemI::createSoundInternal             : exinfo->useropen           = 00007FF8CA743F70
[LOG] SystemI::createSoundInternal             : exinfo->userclose          = 00007FF8CA743F30
[LOG] SystemI::createSoundInternal             : exinfo->userread           = 00007FF8CA744050
[LOG] SystemI::createSoundInternal             : exinfo->userseek           = 00007FF8CA744110
[LOG] SystemI::createSoundInternal             : exinfo->fileuserdata       = 0000021C38E35A48
[LOG] SystemI::createSoundInternal             : exinfo->initialseekpostype = 1
[LOG] SystemI::DSPCodecPoolRegister            : register codec pool for pool type 5
[LOG] SystemI::createSoundInternal             : Sample 0/1: name='sfx_pin_01', format=5, channels=2, frequency=48000, lengthbytes=1632, lengthpcm=21199, pcmblocksize=0, loopstart=0, loopend=0, mode=0x00000000, channelmask=0x00000000, channelorder=0, peakvolume=0.501186.
[LOG] SystemI::createSoundInternal             : Create name='', mode=0x02000202
[LOG] SystemI::createSoundInternal             : exinfo->cbsize             = 224
[LOG] SystemI::createSoundInternal             : exinfo->length             = 4009600
[LOG] SystemI::createSoundInternal             : exinfo->fileoffset         = 65376
[LOG] SystemI::createSoundInternal             : exinfo->numsubsounds       = 1
[LOG] SystemI::createSoundInternal             : exinfo->inclusionlist      = 000000F21B62F478
[LOG] SystemI::createSoundInternal             : exinfo->inclusionlistnum   = 1
[LOG] SystemI::createSoundInternal             : exinfo->suggestedsoundtype = 5
[LOG] SystemI::createSoundInternal             : exinfo->useropen           = 00007FF8CA743F70
[LOG] SystemI::createSoundInternal             : exinfo->userclose          = 00007FF8CA743F30
[LOG] SystemI::createSoundInternal             : exinfo->userread           = 00007FF8CA744050
[LOG] SystemI::createSoundInternal             : exinfo->userseek           = 00007FF8CA744110
[LOG] SystemI::createSoundInternal             : exinfo->fileuserdata       = 0000021C38E35A48
[LOG] SystemI::createSoundInternal             : exinfo->initialseekpostype = 1
[LOG] SystemI::DSPCodecPoolRegister            : register codec pool for pool type 5
[LOG] SystemI::createSoundInternal             : Sample 0/1: name='sfx_pin_03', format=5, channels=2, frequency=48000, lengthbytes=1568, lengthpcm=21199, pcmblocksize=0, loopstart=0, loopend=0, mode=0x00000000, channelmask=0x00000000, channelorder=0, peakvolume=0.501186.
[LOG] Thread::callback                         : FMOD mixer thread finished.
[LOG] OutputWASAPI::init                       : Mix Format (WAVEFORMATEX): wFormatTag=0xFFFE, nChannels=2, nSamplesPerSec=48000, nAvgBytesPerSec=384000, nBlockAlign=8, wBitsPerSample=32, cbSize=22.
[LOG] OutputWASAPI::init                       : Mix Format (WAVEFORMATEXTENSIBLE): wValidBitsPerSample=32, dwChannelMask=0x00000003, SubFormat=00000003-0000-0010-8000-00AA00389B71.
[LOG] OutputWASAPI::init                       : Output buffer size: 4096 samples, latency: 0.00ms, period: 10.67ms, DSP buffer: 1024 * 4
[LOG] Thread::initThread                       : Init FMOD mixer thread. Affinity: 0x4000000000000001, Priority: 0xFFFF7FFA, Stack Size: 81920, Semaphore: No, Sleep Time: 0, Looping: Yes.
[LOG] SoundI::release                          :  (0000021C41FEE1C8)
[LOG] SoundI::release                          :     sfx_pin_01 (0000021B1E4625A8)
[LOG] SoundI::release                          :  (0000021C41FEE338)
[LOG] SoundI::release                          :     sfx_pin_02 (0000021B1E462DC8)
[LOG] SoundI::release                          :  (0000021C41FEDEE8)
[LOG] SoundI::release                          :     sfx_pin_03 (0000021B1E461F28)
[LOG] SoundI::release                          :  (0000021C41FEE4A8)
[LOG] SoundI::release                          :     sfx_pin_04 (0000021B1E462F68)
